[18/07/2011 13:15:40] /vip
[18/07/2011 13:20:51] /addskill GOD Raymond,level
[18/07/2011 13:20:51] /addskill GOD Raymond,level
[18/07/2011 13:20:51] /addskill GOD Raymond,level
[18/07/2011 13:20:51] /addskill GOD Raymond,level
[18/07/2011 13:20:51] /addskill GOD Raymond,level
[18/07/2011 13:20:52] /addskill GOD Raymond,level
[18/07/2011 13:20:52] /addskill GOD Raymond,level
[18/07/2011 13:20:52] /addskill GOD Raymond,level
[18/07/2011 13:20:52] /addskill GOD Raymond,level
[18/07/2011 13:20:52] /addskill GOD Raymond,level
[18/07/2011 13:20:52] /addskill GOD Raymond,level
[18/07/2011 13:20:52] /addskill GOD Raymond,level
[18/07/2011 13:21:08] /addskill GOD Knightmare,level
[18/07/2011 13:21:09] /addskill GOD Knightmare,level
[18/07/2011 13:21:09] /addskill GOD Knightmare,level
[18/07/2011 13:21:09] /addskill GOD Knightmare,level
[18/07/2011 13:21:09] /addskill GOD Knightmare,level
[18/07/2011 13:21:09] /addskill GOD Knightmare,level
[18/07/2011 13:21:09] /addskill GOD Knightmare,level
[18/07/2011 13:21:09] /addskill GOD Knightmare,level
[18/07/2011 13:21:09] /addskill GOD Knightmare,level
[18/07/2011 13:21:09] /addskill GOD Knightmare,level
[18/07/2011 13:21:09] /addskill GOD Knightmare,level
[18/07/2011 13:21:09] /addskill GOD Knightmare,level
[18/07/2011 13:21:09] /addskill GOD Knightmare,level
[18/07/2011 13:21:09] /addskill GOD Knightmare,level
[18/07/2011 13:21:09] /addskill GOD Knightmare,level
[18/07/2011 13:21:09] /addskill GOD Knightmare,level
[18/07/2011 13:21:09] /addskill GOD Knightmare,level
[18/07/2011 13:21:09] /addskill GOD Knightmare,level
[18/07/2011 13:21:09] /addskill GOD Knightmare,level
[18/07/2011 13:21:10] /addskill GOD Knightmare,level
[18/07/2011 13:21:10] /addskill GOD Knightmare,level
[18/07/2011 13:21:10] /addskill GOD Knightmare,level
[18/07/2011 13:21:10] /addskill GOD Knightmare,level
[18/07/2011 13:21:10] /addskill GOD Knightmare,level
[18/07/2011 13:21:10] /addskill GOD Knightmare,level
[18/07/2011 13:21:10] /addskill GOD Knightmare,level
[18/07/2011 13:21:10] /addskill GOD Knightmare,level
[18/07/2011 13:21:10] /addskill GOD Knightmare,level
[18/07/2011 13:21:10] /addskill GOD Knightmare,level
[18/07/2011 13:21:10] /addskill GOD Knightmare,level
[18/07/2011 13:21:10] /addskill GOD Knightmare,level
[18/07/2011 13:21:10] /addskill GOD Knightmare,level
[18/07/2011 13:21:10] /addskill GOD Knightmare,level
[18/07/2011 13:21:10] /addskill GOD Knightmare,level
[18/07/2011 13:21:10] /addskill GOD Knightmare,level
[18/07/2011 13:21:10] /addskill GOD Knightmare,level
[18/07/2011 13:21:10] /addskill GOD Knightmare,level
[18/07/2011 13:21:10] /addskill GOD Knightmare,level
[18/07/2011 13:21:10] /addskill GOD Knightmare,level
[18/07/2011 13:21:10] /addskill GOD Knightmare,level
[18/07/2011 13:21:10] /addskill GOD Knightmare,level
[18/07/2011 13:21:10] /addskill GOD Knightmare,level
[18/07/2011 13:21:10] /addskill GOD Knightmare,level
[18/07/2011 13:21:10] /addskill GOD Knightmare,level
[18/07/2011 13:21:10] /addskill GOD Knightmare,level
[18/07/2011 13:21:10] /addskill GOD Knightmare,level
[18/07/2011 13:21:11] /addskill GOD Knightmare,level
[18/07/2011 13:21:11] /addskill GOD Knightmare,level
[18/07/2011 13:21:11] /addskill GOD Knightmare,level
[18/07/2011 13:21:11] /addskill GOD Knightmare,level
[18/07/2011 13:21:11] /addskill GOD Knightmare,level
[18/07/2011 13:21:11] /addskill GOD Knightmare,level
[18/07/2011 13:21:11] /addskill GOD Knightmare,level
[18/07/2011 13:21:11] /addskill GOD Knightmare,level
[18/07/2011 13:21:11] /addskill GOD Knightmare,level
[18/07/2011 13:21:11] /addskill GOD Knightmare,level
[18/07/2011 13:21:11] /addskill GOD Knightmare,level
[18/07/2011 13:21:11] /addskill GOD Knightmare,level
[18/07/2011 13:21:11] /addskill GOD Knightmare,level
[18/07/2011 13:21:11] /addskill GOD Knightmare,level
[18/07/2011 13:21:11] /addskill GOD Knightmare,level
[18/07/2011 13:21:11] /addskill GOD Knightmare,level
[18/07/2011 13:21:11] /addskill GOD Knightmare,level
[18/07/2011 13:21:11] /addskill GOD Knightmare,level
[18/07/2011 13:21:11] /addskill GOD Knightmare,level
[18/07/2011 13:21:11] /addskill GOD Knightmare,level
[18/07/2011 13:21:11] /addskill GOD Knightmare,level
[18/07/2011 13:21:11] /addskill GOD Knightmare,level
[18/07/2011 13:21:11] /addskill GOD Knightmare,level
[18/07/2011 13:21:11] /addskill GOD Knightmare,level
[18/07/2011 13:21:11] /addskill GOD Knightmare,level
[18/07/2011 13:21:11] /addskill GOD Knightmare,level
[18/07/2011 13:21:11] /addskill GOD Knightmare,level
[18/07/2011 15:28:28] /addskill under,level
[18/07/2011 15:28:28] /addskill under,level
[18/07/2011 15:28:28] /addskill under,level
[18/07/2011 15:28:28] /addskill under,level
[18/07/2011 15:28:29] /addskill under,level
[18/07/2011 15:28:29] /addskill under,level
[18/07/2011 15:28:29] /addskill under,level
[18/07/2011 15:28:29] /addskill under,level
[18/07/2011 15:28:29] /addskill under,level
[18/07/2011 15:28:29] /addskill under,level
[18/07/2011 15:28:30] /addskill under,level
[18/07/2011 15:28:30] /addskill under,level
[18/07/2011 15:28:30] /addskill under,level
[18/07/2011 15:28:30] /addskill under,level
[18/07/2011 15:28:30] /addskill under,level
[18/07/2011 15:28:31] /addskill under,level
[18/07/2011 15:28:31] /addskill under,level
[18/07/2011 15:28:31] /addskill under,level
[18/07/2011 15:28:33] /addskill under,level
[18/07/2011 15:28:33] /addskill under,level
[18/07/2011 15:28:34] /addskill under,level
[18/07/2011 15:28:34] /addskill under,level
[18/07/2011 15:28:34] /addskill under,level
[18/07/2011 15:28:34] /addskill under,level
[18/07/2011 15:28:34] /addskill under,level
[18/07/2011 15:28:34] /addskill under,level
[18/07/2011 15:34:27] /t
[18/07/2011 16:04:48] /t
[18/07/2011 16:08:33] /t
[18/07/2011 19:14:17] /vip
