[15/12/2009 20:38:14] /goto hellgorak
[15/12/2009 20:42:06] /goto pythus the rotten
[15/12/2009 20:42:13] /goto pythius the rotten
[15/12/2009 20:45:00] /t
[15/12/2009 20:48:08] /a 3
[15/12/2009 20:48:20] /t
[15/12/2009 20:49:42] /t
[15/12/2009 20:55:09] /i sais
[15/12/2009 20:55:15] /i Sais
[15/12/2009 21:21:46] /a 30
[15/12/2009 21:21:47] /a 30
[15/12/2009 21:21:51] /a 3
[15/12/2009 21:21:52] /a 3
[15/12/2009 21:22:12] /i sudden death rune
[15/12/2009 21:23:51] /goto giant spider
[15/12/2009 21:24:02] /a 3
[15/12/2009 21:25:08] /reload actions
[15/12/2009 21:25:22] /goto dragon lord
[15/12/2009 21:25:23] /goto dragon lord
[15/12/2009 21:25:24] /goto dragon lord
[15/12/2009 21:25:29] /down
[15/12/2009 21:25:30] /down
[15/12/2009 21:25:32] /down
[15/12/2009 21:25:35] /a 40
[15/12/2009 21:26:46] /i 11300
[15/12/2009 21:27:33] /i Jade Hat
[15/12/2009 21:27:47] /i 11361
[15/12/2009 21:28:17] /i spellbook of dark mysteries
[15/12/2009 21:29:37] /i Zaoan Helmet
[15/12/2009 21:30:21] /i 11349
[15/12/2009 21:30:35] /i 11348
[15/12/2009 21:31:17] /i 11113
[15/12/2009 21:32:12] /i 10576
[15/12/2009 21:32:39] /i 11186
[15/12/2009 21:33:02] /i 10778
[15/12/2009 21:33:06] /i 10778
[15/12/2009 21:33:08] /i 11186
[15/12/2009 21:33:10] /i 10778
[15/12/2009 21:33:29] /i 11094
[15/12/2009 21:33:31] /i 11094
[15/12/2009 21:34:17] /i 10579
[15/12/2009 21:34:47] /i 111111
[15/12/2009 21:34:49] /i 11111
[15/12/2009 21:42:46] /t
[15/12/2009 22:15:05] /goto ushuriel
[15/12/2009 22:16:58] /i rusty legs
[15/12/2009 22:17:04] /i rusty legs
[15/12/2009 22:17:09] /i rusty legs
[15/12/2009 22:17:18] /i 2160
[16/12/2009 10:23:40] /i sias
[16/12/2009 10:23:43] /i sais
[16/12/2009 13:17:34] /i adori blank
[16/12/2009 13:18:41] /i blank rune
[16/12/2009 13:21:04] /reload spells
[16/12/2009 13:22:35] /reload spells
[16/12/2009 13:27:38] /goto halvar
[16/12/2009 13:28:27] /t
[11/01/2010 22:07:18] /i zaoan legs
[11/01/2010 22:07:32] /i sais
[11/01/2010 22:08:06] /t
[11/01/2010 22:08:22] /m terramite
[11/01/2010 22:09:09] /m expedition 
[11/01/2010 22:09:12] /m expedition bag
[11/01/2010 22:09:22] /m orc marauder
[11/01/2010 22:14:04] /m orc marauder
[11/01/2010 22:15:12] /m lizard chosen
[11/01/2010 22:17:06] /i zaoan armor
[11/01/2010 22:17:14] /i zaoan helmet
[11/01/2010 22:17:21] /i zaoan boots
[11/01/2010 22:17:24] /i zaoan legs
[11/01/2010 22:17:28] /i zaoan shield
[11/01/2010 22:17:51] /i trakinata
[11/01/2010 22:17:54] /i drakinata
[11/01/2010 22:18:31] /i expedition backpack
[11/01/2010 22:20:06] /i crystal coin
[11/01/2010 22:21:55] /i magic wall rune
[11/01/2010 22:22:34] /i 1497
[11/01/2010 22:22:38] /i 1497
[11/01/2010 22:23:39] /vip add GOD Hakkan 9
[11/01/2010 22:23:45] /vip add GOD Hakkan 9
[11/01/2010 22:23:52] /vip add  9 GOD Hakkan
[11/01/2010 22:23:58] /vip add 9 GOD Hakkan
[11/01/2010 22:24:17] /t
[11/01/2010 22:26:42] /goto priest
[11/01/2010 22:27:45] /goto halvar
[11/01/2010 22:28:08] /addskill GOD Hakkan,level
[11/01/2010 22:28:09] /addskill GOD Hakkan,level
[11/01/2010 22:28:09] /addskill GOD Hakkan,level
[11/01/2010 22:28:10] /addskill GOD Hakkan,level
[11/01/2010 22:28:10] /addskill GOD Hakkan,level
[11/01/2010 22:28:10] /addskill GOD Hakkan,level
[11/01/2010 22:28:11] /addskill GOD Hakkan,level
[11/01/2010 22:28:11] /addskill GOD Hakkan,level
[11/01/2010 22:28:12] /addskill GOD Hakkan,level
[11/01/2010 22:28:12] /addskill GOD Hakkan,level
[11/01/2010 22:28:13] /addskill GOD Hakkan,level
[11/01/2010 22:28:13] /addskill GOD Hakkan,level
[11/01/2010 22:28:14] /addskill GOD Hakkan,level
[11/01/2010 22:28:14] /addskill GOD Hakkan,level
[11/01/2010 22:28:15] /addskill GOD Hakkan,level
[11/01/2010 22:28:15] /addskill GOD Hakkan,level
[11/01/2010 22:28:15] /addskill GOD Hakkan,level
[11/01/2010 22:28:16] /addskill GOD Hakkan,level
[11/01/2010 22:28:16] /addskill GOD Hakkan,level
[11/01/2010 22:28:17] /addskill GOD Hakkan,level
[11/01/2010 22:28:17] /addskill GOD Hakkan,level
[11/01/2010 22:28:18] /addskill GOD Hakkan,level
[11/01/2010 22:28:18] /addskill GOD Hakkan,level
[11/01/2010 22:28:19] /addskill GOD Hakkan,level
[11/01/2010 22:28:19] /addskill GOD Hakkan,level
[11/01/2010 22:28:19] /addskill GOD Hakkan,level
[11/01/2010 22:28:20] /addskill GOD Hakkan,level
[11/01/2010 22:28:20] /addskill GOD Hakkan,level
[11/01/2010 22:28:21] /addskill GOD Hakkan,level
[11/01/2010 22:28:27] /addskill GOD Hakkan,level
[11/01/2010 22:28:37] /a 
[11/01/2010 22:28:40] /a 3
[11/01/2010 22:29:57] /t
[11/01/2010 22:35:30] /goto priest
[11/01/2010 22:41:11] /goto hellgorak
[11/01/2010 22:43:00] /t
[11/01/2010 23:04:52] /m eternal guardian
[11/01/2010 23:08:12] /m <monster name="Draken Spellweaver" file="8.54/Draken Spellweaver.xml"/> <monster name="Draken Warmaster" file="8.54/Draken Wa/m orc marauder
[11/01/2010 23:08:23] /m draken spellweaver
[11/01/2010 23:10:01] /m Draken Warmaster
[11/01/2010 23:11:17] /m Ghastly Dragon
[11/01/2010 23:13:19] /m Wailing Widow
[11/01/2010 23:14:42] /m Insect Swarm
[11/01/2010 23:14:54] /m Insect Swarm
[11/01/2010 23:14:59] /m Insect Swarm
[11/01/2010 23:17:21] /m Killer Caiman
[11/01/2010 23:19:03] /i firewalker boots
[11/01/2010 23:19:19] /i firewalker boots
[11/01/2010 23:19:23] /i firewalker boots
[11/01/2010 23:19:23] /i firewalker boots
[11/01/2010 23:19:45] /m Ghastly Dragon
[17/04/2010 01:14:32] /i crystal coin
[17/04/2010 01:14:54] /i soft boots
[17/04/2010 01:15:02] /i pair of soft boots
[17/04/2010 01:15:16] /goto draken warmaster
[17/04/2010 01:15:46] /t
[17/04/2010 01:19:58] /a 5
[17/04/2010 01:20:07] /t
[17/04/2010 13:26:48] /i paralize rune
[17/04/2010 13:26:54] /i paralyze rune
[17/04/2010 13:29:33] /reload spells
[17/04/2010 13:31:43] /m rat
[17/04/2010 13:31:58] /i pair of soft boots
[17/04/2010 13:37:10] /i paralyze rune
[17/04/2010 13:37:24] /m ray
[17/04/2010 13:37:26] /m rat
[17/04/2010 13:42:20] /i paralyze rune
[17/04/2010 13:43:37] /addskill Kils,level
[17/04/2010 13:43:38] /addskill Kils,level
[17/04/2010 13:43:38] /addskill Kils,level
[17/04/2010 13:43:39] /addskill Kils,level
[17/04/2010 13:43:39] /addskill Kils,level
[17/04/2010 13:43:40] /addskill Kils,level
[17/04/2010 13:43:40] /addskill Kils,level
[17/04/2010 13:43:40] /addskill Kils,level
[17/04/2010 13:43:41] /addskill Kils,level
[17/04/2010 13:43:41] /addskill Kils,level
[17/04/2010 13:43:41] /addskill Kils,level
[17/04/2010 13:43:42] /addskill Kils,level
[17/04/2010 13:43:46] /addskill Kils,level
[17/04/2010 13:43:46] /addskill Kils,level
[17/04/2010 13:43:47] /addskill Kils,level
[17/04/2010 13:43:47] /addskill Kils,level
[17/04/2010 13:43:48] /addskill Kils,level
[17/04/2010 13:43:48] /addskill Kils,level
[17/04/2010 13:43:48] /addskill Kils,level
[17/04/2010 13:43:49] /addskill Kils,level
[17/04/2010 13:43:49] /addskill Kils,level
[17/04/2010 13:43:50] /addskill Kils,level
[17/04/2010 13:43:50] /addskill Kils,level
[17/04/2010 13:43:51] /addskill Kils,level
[17/04/2010 13:43:51] /addskill Kils,level
[17/04/2010 13:43:52] /addskill Kils,level
[17/04/2010 13:43:52] /addskill Kils,level
[17/04/2010 13:43:52] /addskill Kils,level
[17/04/2010 13:43:53] /addskill Kils,level
[17/04/2010 13:43:53] /addskill Kils,level
[17/04/2010 13:43:54] /addskill Kils,level
[17/04/2010 13:43:55] /addskill Kils,level
[17/04/2010 13:43:56] /addskill Kils,level
[17/04/2010 13:44:04] /addskill Kils,level
[17/04/2010 13:44:05] /addskill Kils,level
[17/04/2010 13:44:06] /addskill Kils,level
[17/04/2010 13:44:06] /addskill Kils,level
[17/04/2010 13:44:07] /addskill Kils,level
[17/04/2010 13:44:07] /addskill Kils,level
[17/04/2010 13:44:08] /addskill Kils,level
[17/04/2010 13:44:08] /addskill Kils,level
[17/04/2010 13:44:08] /addskill Kils,level
[17/04/2010 13:44:09] /addskill Kils,level
[17/04/2010 13:44:09] /addskill Kils,level
[17/04/2010 13:44:10] /addskill Kils,level
[17/04/2010 13:44:10] /addskill Kils,level
[17/04/2010 13:44:11] /addskill Kils,level
[17/04/2010 13:44:11] /addskill Kils,level
[17/04/2010 13:44:12] /addskill Kils,level
[17/04/2010 13:44:13] /addskill Kils,level
[17/04/2010 13:44:13] /addskill Kils,level
[17/04/2010 13:44:14] /addskill Kils,level
[17/04/2010 13:44:14] /addskill Kils,level
[17/04/2010 13:44:15] /addskill Kils,level
[17/04/2010 13:44:16] /addskill Kils,level
[17/04/2010 13:44:16] /addskill Kils,level
[17/04/2010 13:44:17] /addskill Kils,level
[17/04/2010 13:44:17] /addskill Kils,level
[17/04/2010 13:44:19] /addskill Kils,level
[17/04/2010 13:44:19] /addskill Kils,level
[17/04/2010 13:44:20] /addskill Kils,level
[17/04/2010 13:44:20] /addskill Kils,level
[17/04/2010 13:44:21] /addskill Kils,level
[17/04/2010 13:44:21] /addskill Kils,level
[17/04/2010 13:44:22] /addskill Kils,level
[17/04/2010 14:07:22] /c kill
[17/04/2010 14:26:15] /goto halavr
[17/04/2010 14:26:19] /goto halvar
[17/04/2010 14:26:42] /addskill god hakkan,level
[17/04/2010 14:26:43] /addskill god hakkan,level
[17/04/2010 14:26:44] /addskill god hakkan,level
[17/04/2010 14:26:44] /addskill god hakkan,level
[17/04/2010 14:26:45] /addskill god hakkan,level
[17/04/2010 14:26:45] /addskill god hakkan,level
[17/04/2010 14:26:46] /addskill god hakkan,level
[17/04/2010 14:26:46] /addskill god hakkan,level
[17/04/2010 14:26:47] /addskill god hakkan,level
[17/04/2010 14:26:47] /addskill god hakkan,level
[17/04/2010 14:26:48] /addskill god hakkan,level
[17/04/2010 14:26:48] /addskill god hakkan,level
[17/04/2010 14:26:49] /addskill god hakkan,level
[17/04/2010 14:26:49] /addskill god hakkan,level
[17/04/2010 14:26:49] /addskill god hakkan,level
[17/04/2010 14:26:50] /addskill god hakkan,level
[17/04/2010 14:26:50] /addskill god hakkan,level
[17/04/2010 14:26:51] /addskill god hakkan,level
[17/04/2010 14:26:51] /addskill god hakkan,level
[17/04/2010 14:26:52] /addskill god hakkan,level
[17/04/2010 14:27:02] /a 3
[17/04/2010 14:29:24] /addskill god hakkan,level
[17/04/2010 14:29:25] /addskill god hakkan,level
[17/04/2010 14:29:25] /addskill god hakkan,level
[17/04/2010 14:29:26] /addskill god hakkan,level
[17/04/2010 14:29:26] /addskill god hakkan,level
[17/04/2010 14:29:27] /addskill god hakkan,level
[17/04/2010 14:29:27] /addskill god hakkan,level
[17/04/2010 14:29:28] /addskill god hakkan,level
[17/04/2010 14:29:28] /addskill god hakkan,level
[17/04/2010 14:29:29] /addskill god hakkan,level
[17/04/2010 14:29:29] /addskill god hakkan,level
[17/04/2010 14:29:29] /addskill god hakkan,level
[17/04/2010 14:29:30] /addskill god hakkan,level
[17/04/2010 14:29:31] /addskill god hakkan,level
[17/04/2010 14:29:31] /addskill god hakkan,level
[17/04/2010 14:29:32] /addskill god hakkan,level
[17/04/2010 14:29:32] /addskill god hakkan,level
[17/04/2010 14:29:34] /addskill god hakkan,level
[17/04/2010 14:29:34] /addskill god hakkan,level
[17/04/2010 14:29:34] /addskill god hakkan,level
[17/04/2010 14:29:35] /addskill god hakkan,level
[17/04/2010 14:29:35] /addskill god hakkan,level
[17/04/2010 14:29:36] /addskill god hakkan,level
[17/04/2010 14:29:37] /addskill god hakkan,level
[17/04/2010 14:29:37] /addskill god hakkan,level
[17/04/2010 14:29:38] /addskill god hakkan,level
[17/04/2010 14:29:38] /addskill god hakkan,level
[17/04/2010 14:29:39] /addskill god hakkan,level
[17/04/2010 14:29:43] /addskill god hakkan,level
[17/04/2010 14:29:51] /a 3
[17/04/2010 14:31:33] /t
[17/04/2010 14:32:50] /a 3
[17/04/2010 14:33:14] /a 3
[17/04/2010 14:33:38] /t
[17/04/2010 14:34:16] /i pure energy
[17/04/2010 14:34:25] /i pure energy
[17/04/2010 14:39:09] /a 4
[17/04/2010 14:39:13] /a 10
[17/04/2010 16:32:10] /vip add 5 god hakkan
[17/04/2010 16:32:50] /i enchanted small ruby
[17/04/2010 16:33:37] /i zaoan boots
[17/04/2010 16:33:40] /i zaoan shoes
[17/04/2010 16:33:46] /info god hakkan
[17/04/2010 16:33:51] /info god hakkan
[17/04/2010 16:36:32] /up
[17/04/2010 16:36:55] /a 3
[17/04/2010 16:36:57] /up
[17/04/2010 16:37:03] /up
[17/04/2010 16:37:33] /a 10
[17/04/2010 16:38:48] /a 3
[17/04/2010 16:40:51] !depositall
[17/04/2010 16:43:04] /t
[17/04/2010 16:43:29] /t
[21/04/2010 13:48:40] /a 3
[21/04/2010 13:48:56] /down
[21/04/2010 13:48:58] /a 3
[21/04/2010 13:49:00] /a 3
[21/04/2010 13:49:01] /a 3
[21/04/2010 13:49:02] /a 3
[21/04/2010 13:49:03] /a 3
[21/04/2010 13:49:03] /a 3
[21/04/2010 13:49:04] /a 3
[21/04/2010 13:49:05] /a 3
[21/04/2010 13:49:06] /a 3
[21/04/2010 13:49:07] /a 3
[21/04/2010 13:49:07] /a 3
[21/04/2010 13:49:29] /goto a ghostly sage
[21/04/2010 13:49:48] /i crystal coin
[21/04/2010 13:50:01] /a 30
[21/04/2010 13:50:03] /down
[21/04/2010 13:50:05] /a 3
[21/04/2010 13:50:09] /a 30
[21/04/2010 13:50:13] /a 10
[21/04/2010 13:50:14] /a 10
[21/04/2010 13:50:27] /t
[21/04/2010 13:52:20] /r
[21/04/2010 13:53:20] /goto oldrak
[21/04/2010 13:59:45] /a 3
[21/04/2010 13:59:57] /i hallowed axe
[21/04/2010 14:08:33] /goto the imperator
[21/04/2010 14:08:41] /goto the imperor
[21/04/2010 14:08:51] /t
[21/04/2010 14:08:56] /m the imperor
[21/04/2010 14:54:09] /t
[21/04/2010 14:54:14] /goto oldrak
[21/04/2010 15:03:13] /reload npc
[21/04/2010 15:04:07] /reload npc
[21/04/2010 15:04:31] /reload npc
[21/04/2010 15:05:44] /reload npc
[21/04/2010 15:06:38] /reload npc
[21/04/2010 15:07:26] /reload npc
[21/04/2010 15:08:11] /reload npc
[21/04/2010 15:08:58] /reload npc
[23/04/2010 13:43:18] /addskill god hakkan,level
[23/04/2010 13:43:19] /addskill god hakkan,level
[23/04/2010 13:43:20] /addskill god hakkan,level
[23/04/2010 13:43:20] /addskill god hakkan,level
[23/04/2010 13:43:20] /addskill god hakkan,level
[23/04/2010 13:43:21] /addskill god hakkan,level
[23/04/2010 13:43:22] /addskill god hakkan,level
[23/04/2010 13:43:22] /addskill god hakkan,level
[23/04/2010 13:43:22] /addskill god hakkan,level
[23/04/2010 13:43:23] /addskill god hakkan,level
[23/04/2010 13:43:23] /addskill god hakkan,level
[23/04/2010 13:43:24] /addskill god hakkan,level
[23/04/2010 13:43:24] /addskill god hakkan,level
[23/04/2010 13:43:24] /addskill god hakkan,level
[23/04/2010 13:43:25] /addskill god hakkan,level
[23/04/2010 13:43:26] /addskill god hakkan,level
[23/04/2010 13:43:26] /addskill god hakkan,level
[23/04/2010 13:43:27] /addskill god hakkan,level
[23/04/2010 13:43:30] /addskill god hakkan,level
[23/04/2010 13:43:30] /addskill god hakkan,level
[23/04/2010 13:43:47] /t
[23/04/2010 13:45:31] /i sudden death rune
[23/04/2010 13:46:01] /addskill god hakkan,magic level
[23/04/2010 13:46:01] /addskill god hakkan,magic level
[23/04/2010 13:46:01] /addskill god hakkan,magic level
[23/04/2010 13:46:02] /addskill god hakkan,magic level
[23/04/2010 13:46:02] /addskill god hakkan,magic level
[23/04/2010 13:46:02] /addskill god hakkan,magic level
[23/04/2010 13:46:02] /addskill god hakkan,magic level
[23/04/2010 13:46:02] /addskill god hakkan,magic level
[23/04/2010 13:46:02] /addskill god hakkan,magic level
[23/04/2010 13:46:03] /addskill god hakkan,magic level
[23/04/2010 13:46:03] /addskill god hakkan,magic level
[23/04/2010 13:46:03] /addskill god hakkan,magic level
[23/04/2010 13:46:03] /addskill god hakkan,magic level
[23/04/2010 13:46:03] /addskill god hakkan,magic level
[23/04/2010 13:46:03] /addskill god hakkan,magic level
[23/04/2010 13:46:03] /addskill god hakkan,magic level
[23/04/2010 13:46:04] /addskill god hakkan,magic level
[23/04/2010 13:46:04] /addskill god hakkan,magic level
[23/04/2010 13:46:04] /addskill god hakkan,magic level
[23/04/2010 13:46:04] /addskill god hakkan,magic level
[23/04/2010 13:46:04] /addskill god hakkan,magic level
[23/04/2010 13:46:04] /addskill god hakkan,magic level
[23/04/2010 13:46:05] /addskill god hakkan,magic level
[23/04/2010 13:46:05] /addskill god hakkan,magic level
[23/04/2010 13:46:05] /addskill god hakkan,magic level
[23/04/2010 13:46:05] /addskill god hakkan,magic level
[23/04/2010 13:46:05] /addskill god hakkan,magic level
[23/04/2010 13:46:05] /addskill god hakkan,magic level
[23/04/2010 13:46:06] /addskill god hakkan,magic level
[23/04/2010 13:46:06] /addskill god hakkan,magic level
[23/04/2010 13:46:06] /addskill god hakkan,magic level
[23/04/2010 13:46:06] /addskill god hakkan,magic level
[23/04/2010 13:46:06] /addskill god hakkan,magic level
[23/04/2010 13:46:06] /addskill god hakkan,magic level
[23/04/2010 13:46:06] /addskill god hakkan,magic level
[23/04/2010 13:46:07] /addskill god hakkan,magic level
[23/04/2010 13:46:07] /addskill god hakkan,magic level
[23/04/2010 13:46:07] /addskill god hakkan,magic level
[23/04/2010 13:46:07] /addskill god hakkan,magic level
[23/04/2010 13:46:07] /addskill god hakkan,magic level
[23/04/2010 13:46:07] /addskill god hakkan,magic level
[23/04/2010 13:46:07] /addskill god hakkan,magic level
[23/04/2010 13:46:08] /addskill god hakkan,magic level
[23/04/2010 13:46:08] /addskill god hakkan,magic level
[23/04/2010 13:46:08] /addskill god hakkan,magic level
[23/04/2010 13:46:08] /addskill god hakkan,magic level
[23/04/2010 13:46:09] /addskill god hakkan,magic level
[23/04/2010 13:46:09] /addskill god hakkan,magic level
[23/04/2010 13:46:09] /addskill god hakkan,magic level
[23/04/2010 13:46:10] /addskill god hakkan,magic level
[23/04/2010 13:46:10] /addskill god hakkan,magic level
[23/04/2010 13:46:10] /addskill god hakkan,magic level
[23/04/2010 13:46:10] /addskill god hakkan,magic level
[23/04/2010 13:46:10] /addskill god hakkan,magic level
[23/04/2010 13:46:10] /addskill god hakkan,magic level
[23/04/2010 13:46:11] /addskill god hakkan,magic level
[23/04/2010 13:46:11] /addskill god hakkan,magic level
[23/04/2010 13:46:11] /addskill god hakkan,magic level
[23/04/2010 13:46:11] /addskill god hakkan,magic level
[23/04/2010 13:46:11] /addskill god hakkan,magic level
[23/04/2010 13:46:11] /addskill god hakkan,magic level
[23/04/2010 13:46:11] /addskill god hakkan,magic level
[23/04/2010 13:46:12] /addskill god hakkan,magic level
[23/04/2010 13:46:12] /addskill god hakkan,magic level
[23/04/2010 13:46:12] /addskill god hakkan,magic level
[23/04/2010 13:46:12] /addskill god hakkan,magic level
[23/04/2010 13:46:12] /addskill god hakkan,magic level
[23/04/2010 13:46:12] /addskill god hakkan,magic level
[23/04/2010 13:46:12] /addskill god hakkan,magic level
[23/04/2010 13:46:13] /addskill god hakkan,magic level
[23/04/2010 13:46:13] /addskill god hakkan,magic level
[23/04/2010 13:46:13] /addskill god hakkan,magic level
[23/04/2010 13:46:13] /addskill god hakkan,magic level
[23/04/2010 13:46:13] /addskill god hakkan,magic level
[23/04/2010 13:46:13] /addskill god hakkan,magic level
[23/04/2010 13:46:13] /addskill god hakkan,magic level
[23/04/2010 13:46:14] /addskill god hakkan,magic level
[23/04/2010 13:46:14] /addskill god hakkan,magic level
[23/04/2010 13:46:14] /addskill god hakkan,magic level
[23/04/2010 13:46:14] /addskill god hakkan,magic level
[23/04/2010 13:46:14] /addskill god hakkan,magic level
[23/04/2010 13:46:14] /addskill god hakkan,magic level
[23/04/2010 13:46:14] /addskill god hakkan,magic level
[23/04/2010 13:46:14] /addskill god hakkan,magic level
[23/04/2010 13:46:15] /addskill god hakkan,magic level
[23/04/2010 13:46:15] /addskill god hakkan,magic level
[23/04/2010 13:46:15] /addskill god hakkan,magic level
[23/04/2010 13:46:15] /addskill god hakkan,magic level
[23/04/2010 13:46:15] /addskill god hakkan,magic level
[23/04/2010 13:46:15] /addskill god hakkan,magic level
[23/04/2010 13:46:16] /addskill god hakkan,magic level
[23/04/2010 13:46:16] /addskill god hakkan,magic level
[23/04/2010 13:46:16] /addskill god hakkan,magic level
[23/04/2010 13:46:16] /addskill god hakkan,magic level
[23/04/2010 13:46:16] /addskill god hakkan,magic level
[23/04/2010 13:46:17] /addskill god hakkan,magic level
[23/04/2010 13:46:17] /addskill god hakkan,magic level
[23/04/2010 13:46:17] /addskill god hakkan,magic level
[23/04/2010 13:46:17] /addskill god hakkan,magic level
[23/04/2010 13:46:17] /addskill god hakkan,magic level
[23/04/2010 13:46:17] /addskill god hakkan,magic level
[23/04/2010 13:46:18] /addskill god hakkan,magic level
[23/04/2010 13:46:18] /addskill god hakkan,magic level
[23/04/2010 13:46:18] /addskill god hakkan,magic level
[23/04/2010 13:46:18] /addskill god hakkan,magic level
[23/04/2010 13:46:18] /addskill god hakkan,magic level
[23/04/2010 13:46:18] /addskill god hakkan,magic level
[23/04/2010 13:46:19] /addskill god hakkan,magic level
[23/04/2010 13:46:19] /addskill god hakkan,magic level
[23/04/2010 13:46:19] /addskill god hakkan,magic level
[23/04/2010 13:46:19] /addskill god hakkan,magic level
[23/04/2010 13:46:19] /addskill god hakkan,magic level
[23/04/2010 13:46:41] /i paralyze rune
[23/04/2010 13:48:05] /t
[23/04/2010 13:48:40] /a 3
[23/04/2010 13:48:54] /a 3
[23/04/2010 13:52:05] /reload action
[23/04/2010 13:53:18] /reload actions
[23/04/2010 13:54:51] /reload actions
[23/04/2010 14:05:53] /reload spells
[23/04/2010 14:05:58] /t
[23/04/2010 14:06:41] /reload spells
[23/04/2010 14:07:03] /reload spells
[23/04/2010 14:07:29] /reload spells
[23/04/2010 14:07:54] /reload spells
[23/04/2010 14:08:25] /reload spells
[23/04/2010 14:08:58] /t
[23/04/2010 14:12:45] /i enchanted small ruby
[23/04/2010 14:13:00] /goto betoven
[23/04/2010 14:13:13] /a 6
[23/04/2010 14:13:21] /a 6
[23/04/2010 14:13:21] /a 6
[23/04/2010 14:13:22] /a 6
[23/04/2010 14:13:24] /a 6
[23/04/2010 14:13:26] /a 6
[23/04/2010 14:16:10] /reload config
[23/04/2010 14:20:16] /info god hakkan
[23/04/2010 14:20:30] /a 80
[23/04/2010 14:20:31] /a 80
[23/04/2010 14:20:33] /a 40
[23/04/2010 14:20:35] /down
[23/04/2010 14:20:37] /a 40
[23/04/2010 14:20:39] /a 40
[23/04/2010 14:20:42] /a 40
[23/04/2010 14:20:46] /a 13
[23/04/2010 14:20:50] /a 3
[23/04/2010 14:20:54] /a 3
[23/04/2010 14:21:08] /a 3
[23/04/2010 14:21:13] /a 3
[23/04/2010 14:21:24] /a 3
[23/04/2010 14:21:33] /t
[23/04/2010 14:21:37] /goto ferumbras
[23/04/2010 14:21:40] /goto ferumbras
[23/04/2010 14:21:51] /goto magicthower
[23/04/2010 14:21:54] /goto magic thower
[23/04/2010 14:22:01] /r
[23/04/2010 14:22:06] /t
[23/04/2010 14:22:17] /goto beholder
[23/04/2010 14:22:18] /goto beholder
[23/04/2010 14:22:26] /t
[23/04/2010 14:22:33] /a 3
[23/04/2010 14:22:52] /goto mmy
[23/04/2010 14:22:56] /goto mummy
[23/04/2010 14:23:10] /goto mummy
[23/04/2010 14:23:44] /goto mummy
[23/04/2010 14:23:51] /goto mummy
[23/04/2010 14:24:41] /t
[23/04/2010 14:25:40] /clean
