[18/07/2011 14:15:15] /t
[18/07/2011 14:15:17] /t
[18/07/2011 14:15:18] /t
[18/07/2011 14:15:21] /t
[18/07/2011 14:15:23] /t
[18/07/2011 14:15:26] /t
[18/07/2011 14:15:29] /t
[18/07/2011 14:45:52] /addskill GOD under,level
[18/07/2011 14:45:52] /addskill GOD under,level
[18/07/2011 14:45:53] /addskill GOD under,level
[18/07/2011 14:45:53] /addskill GOD under,level
[18/07/2011 14:45:53] /addskill GOD under,level
[18/07/2011 14:45:53] /addskill GOD under,level
[18/07/2011 14:45:54] /addskill GOD under,level
[18/07/2011 14:45:54] /addskill GOD under,level
[18/07/2011 14:45:54] /addskill GOD under,level
[18/07/2011 14:45:54] /addskill GOD under,level
[18/07/2011 14:45:54] /addskill GOD under,level
[18/07/2011 14:45:54] /addskill GOD under,level
[18/07/2011 14:45:54] /addskill GOD under,level
[18/07/2011 14:45:54] /addskill GOD under,level
[18/07/2011 14:45:54] /addskill GOD under,level
[18/07/2011 14:45:54] /addskill GOD under,level
[18/07/2011 14:45:54] /addskill GOD under,level
[18/07/2011 14:45:54] /addskill GOD under,level
[18/07/2011 14:45:54] /addskill GOD under,level
[18/07/2011 14:45:54] /addskill GOD under,level
[18/07/2011 15:27:49] /c GOD Knight
[18/07/2011 15:30:57] /a 30
[18/07/2011 15:30:59] /a 30
[18/07/2011 15:31:00] /a 30
[18/07/2011 15:32:27] /a 90
[18/07/2011 15:32:28] /a 90
[18/07/2011 15:32:29] /a 90
[18/07/2011 15:32:30] /a 90
[18/07/2011 15:32:31] /a 90
[18/07/2011 15:32:31] /a 90
[18/07/2011 15:32:32] /a 90
[18/07/2011 15:32:32] /a 90
[18/07/2011 15:32:36] /a 20
[18/07/2011 15:32:37] /a 20
[18/07/2011 15:32:38] /a 20
[18/07/2011 15:32:38] /a 20
[18/07/2011 15:32:42] /c GOD Knightmare
[18/07/2011 15:32:46] /t
[18/07/2011 15:33:10] /a 40
[18/07/2011 15:33:12] /a 40
[18/07/2011 15:33:14] /down
[18/07/2011 15:33:26] /a 2
[18/07/2011 15:33:28] /a 2
[18/07/2011 15:33:51] /c GOD Knightmare
[18/07/2011 15:33:53] /c GOD Knightmare
[18/07/2011 15:33:55] /c GOD Knightmare
[18/07/2011 15:33:57] /c GOD Knightmare
[18/07/2011 15:34:00] /c GOD Knightmare
[18/07/2011 15:34:11] /c GOD Knightmare
[18/07/2011 15:34:11] /c GOD Knightmare
[18/07/2011 15:34:11] /c GOD Knightmare
[18/07/2011 15:34:15] /a 5
[18/07/2011 15:34:17] /a 5
[18/07/2011 15:34:18] /a 5
[18/07/2011 15:34:18] /a 5
[18/07/2011 15:34:19] /a 5
[18/07/2011 15:34:20] /a 5
[18/07/2011 15:34:20] /a 5
[18/07/2011 15:34:22] /a 5
[18/07/2011 15:34:23] /a 5
[18/07/2011 15:34:26] /up
[18/07/2011 15:34:31] /c GOD Knightmare
[18/07/2011 15:34:32] /c GOD Knightmare
[18/07/2011 15:34:34] /r
[18/07/2011 15:34:43] /ghost
[18/07/2011 15:35:36] /a 2
[18/07/2011 15:37:54] /r
[18/07/2011 15:37:59] /r
[18/07/2011 15:38:24] /r
[18/07/2011 15:39:30] /t
[18/07/2011 15:39:47] /i 2160 100
[18/07/2011 15:39:51] /i 2160 100
[18/07/2011 15:39:57] /i 2160 
[18/07/2011 15:48:56] /m Hagar
[18/07/2011 15:48:57] /m Hagar
[18/07/2011 15:48:59] /m Hagar
[18/07/2011 15:49:01] /c hgar
[18/07/2011 15:49:57] /m demon
[18/07/2011 15:51:59] /r
[18/07/2011 15:56:53] /attr atack 9999
[18/07/2011 15:57:02] /attr atack 9999999999999999999999999999999
[18/07/2011 15:57:12] /attr atack 999999999999999999
[18/07/2011 15:57:17] /attr atack 99999
[18/07/2011 15:57:20] /attr atack 999
[18/07/2011 15:57:31] /attr atk 999
[18/07/2011 15:57:40] /attr atk 9999
[18/07/2011 15:59:30] /attr attack 99999999
[18/07/2011 15:59:37] /attr attack 999999
[18/07/2011 15:59:45] /attr attack 999
[18/07/2011 16:00:16] /r
[18/07/2011 16:00:23] /attr group 5
[18/07/2011 16:01:38] /ghost
[18/07/2011 16:01:43] /ghost
[18/07/2011 16:05:54] /c GOD Knightmare
[18/07/2011 16:06:00] /c GOD Knightmare
[18/07/2011 16:06:04] /c GOD Knightmare
[18/07/2011 16:06:05] /c GOD Knightmare
[18/07/2011 16:06:07] /c GOD Knightmare
[18/07/2011 16:06:09] /c GOD Knightmare
[18/07/2011 16:06:12] /c GOD Knightmare
[18/07/2011 16:06:16] /c GOD Knightmare
[18/07/2011 16:06:18] /c GOD Knightmare
[18/07/2011 16:06:23] /c GOD Knightmare
[18/07/2011 16:06:26] /c GOD Knightmare
[18/07/2011 16:06:31] /c GOD Knightmare
[18/07/2011 16:06:43] /c GOD Knightmare
[18/07/2011 16:06:46] /c GOD Knightmare
[18/07/2011 16:06:52] /c GOD Knightmare
[18/07/2011 16:06:56] /c GOD Knightmare
[18/07/2011 16:06:59] /c GOD Knightmare
[18/07/2011 16:07:03] /a 2
[18/07/2011 16:07:23] /a 2
[18/07/2011 16:07:24] /a 2
[18/07/2011 16:07:25] /a 2
[18/07/2011 16:07:26] /a 2
[18/07/2011 16:07:29] /a 2
[18/07/2011 16:07:30] /a 2
[18/07/2011 16:07:38] /a 2
[18/07/2011 16:07:41] /a 2
[18/07/2011 16:07:47] /c GOD Knightmare
[18/07/2011 16:07:49] /c GOD Knightmare
[18/07/2011 16:07:51] /c GOD Knightmare
[18/07/2011 16:08:00] /m demon
[18/07/2011 16:08:05] /m demon
[18/07/2011 16:08:07] /m demon
[18/07/2011 16:08:09] /m demon
[18/07/2011 16:08:12] /m demon
[18/07/2011 16:08:14] /m demon
[18/07/2011 16:08:17] /m demon
[18/07/2011 16:08:36] /m Banshee
[18/07/2011 16:08:39] /m Banshee
[18/07/2011 16:08:41] /m Banshee
[18/07/2011 16:08:59] /t
[18/07/2011 16:09:08] /kick GOD Knightmare
[18/07/2011 16:09:10] /kick GOD Knightmare
