[15/12/2009 21:58:36] /i 11233
[15/12/2009 21:58:50] /i 11113
[15/12/2009 21:59:04] /i 11296
[15/12/2009 21:59:21] /i 11297
[15/12/2009 21:59:42] /i 11349
[15/12/2009 21:59:46] /i zao armor
[15/12/2009 21:59:54] /i zaon armor
[15/12/2009 22:00:02] /i zaoan armor
[15/12/2009 22:00:16] /i 11348
[15/12/2009 22:00:36] /i 11294
[15/12/2009 22:00:47] /i 11295
[15/12/2009 22:01:13] /i 11361
[15/12/2009 22:01:25] /i 11300
[15/12/2009 22:01:33] /i 11302
[15/12/2009 22:01:36] /i 11301
[15/12/2009 22:01:42] /i 11304
[15/12/2009 22:02:14] /i 11299
[15/12/2009 22:02:31] /i 11316
[15/12/2009 22:02:48] /i 11298
[15/12/2009 22:06:07] /goto runa vip
