[15/12/2009 14:13:55] /goto halvar
[15/12/2009 14:14:05] /i 2160
[15/12/2009 14:14:17] /addskill Leonardo,level
[15/12/2009 14:14:18] /addskill Leonardo,level
[15/12/2009 14:14:18] /addskill Leonardo,level
[15/12/2009 14:14:19] /addskill Leonardo,level
[15/12/2009 14:14:20] /addskill Leonardo,level
[15/12/2009 14:14:20] /addskill Leonardo,level
[15/12/2009 14:14:20] /addskill Leonardo,level
[15/12/2009 14:14:21] /addskill Leonardo,level
[15/12/2009 14:14:21] /addskill Leonardo,level
[15/12/2009 14:14:22] /addskill Leonardo,level
[15/12/2009 14:14:22] /addskill Leonardo,level
[15/12/2009 14:14:22] /addskill Leonardo,level
[15/12/2009 14:14:23] /addskill Leonardo,level
[15/12/2009 14:14:23] /addskill Leonardo,level
[15/12/2009 14:14:23] /addskill Leonardo,level
[15/12/2009 14:14:24] /addskill Leonardo,level
[15/12/2009 14:14:24] /addskill Leonardo,level
[15/12/2009 14:14:25] /addskill Leonardo,level
[15/12/2009 14:14:25] /addskill Leonardo,level
[15/12/2009 14:14:26] /addskill Leonardo,level
[15/12/2009 14:14:28] /addskill Leonardo,level
[15/12/2009 14:14:29] /addskill Leonardo,level
[15/12/2009 14:14:57] /c revange
[15/12/2009 14:16:11] /vip
[15/12/2009 14:16:30] /vip add 5 Leonardo
[15/12/2009 14:16:47] /t
[15/12/2009 14:16:58] /goto oldrak
[15/12/2009 14:17:01] /i axe
[15/12/2009 14:17:19] /a 6
[15/12/2009 14:17:41] /addskill Leonardo,level
[15/12/2009 14:17:41] /addskill Leonardo,level
[15/12/2009 14:17:42] /addskill Leonardo,level
[15/12/2009 14:17:42] /addskill Leonardo,level
[15/12/2009 14:17:43] /addskill Leonardo,level
[15/12/2009 14:17:43] /addskill Leonardo,level
[15/12/2009 14:17:44] /addskill Leonardo,level
[15/12/2009 14:17:44] /addskill Leonardo,level
[15/12/2009 14:17:44] /addskill Leonardo,level
[15/12/2009 14:17:45] /addskill Leonardo,level
[15/12/2009 14:17:45] /addskill Leonardo,level
[15/12/2009 14:17:46] /addskill Leonardo,level
[15/12/2009 14:17:46] /addskill Leonardo,level
[15/12/2009 14:17:47] /addskill Leonardo,level
[15/12/2009 14:17:47] /addskill Leonardo,level
[15/12/2009 14:17:47] /addskill Leonardo,level
[15/12/2009 14:17:48] /addskill Leonardo,level
[15/12/2009 14:17:49] /addskill Leonardo,level
[15/12/2009 14:17:56] /addskill Leonardo,level
[15/12/2009 14:17:57] /addskill Leonardo,level
[15/12/2009 14:17:57] /addskill Leonardo,level
[15/12/2009 14:17:58] /addskill Leonardo,level
[15/12/2009 14:17:58] /addskill Leonardo,level
[15/12/2009 14:17:59] /addskill Leonardo,level
[15/12/2009 14:18:00] /addskill Leonardo,level
[15/12/2009 14:18:01] /addskill Leonardo,level
[15/12/2009 14:18:01] /addskill Leonardo,level
[15/12/2009 14:18:02] /addskill Leonardo,level
[15/12/2009 14:18:02] /addskill Leonardo,level
[15/12/2009 14:18:02] /addskill Leonardo,level
[15/12/2009 14:18:02] /addskill Leonardo,level
[15/12/2009 14:18:03] /addskill Leonardo,level
[15/12/2009 14:18:04] /addskill Leonardo,level
[15/12/2009 14:18:04] /addskill Leonardo,level
[15/12/2009 14:18:08] /addskill Leonardo,level
[15/12/2009 14:18:08] /addskill Leonardo,level
[15/12/2009 14:18:09] /addskill Leonardo,level
[15/12/2009 14:18:09] /addskill Leonardo,level
[15/12/2009 14:18:10] /addskill Leonardo,level
[15/12/2009 14:18:10] /addskill Leonardo,level
[15/12/2009 14:18:11] /addskill Leonardo,level
[15/12/2009 14:18:11] /addskill Leonardo,level
[15/12/2009 14:18:12] /addskill Leonardo,level
[15/12/2009 14:18:12] /addskill Leonardo,level
[15/12/2009 14:18:14] /addskill Leonardo,level
[15/12/2009 14:18:14] /addskill Leonardo,level
[15/12/2009 14:18:15] /addskill Leonardo,level
[15/12/2009 14:18:15] /addskill Leonardo,level
[15/12/2009 14:18:16] /addskill Leonardo,level
[15/12/2009 14:18:17] /addskill Leonardo,level
[15/12/2009 14:18:17] /addskill Leonardo,level
[15/12/2009 14:18:18] /addskill Leonardo,level
[15/12/2009 14:18:18] /addskill Leonardo,level
[15/12/2009 14:18:19] /addskill Leonardo,level
[15/12/2009 14:18:20] /addskill Leonardo,level
[15/12/2009 14:18:20] /addskill Leonardo,level
[15/12/2009 14:18:21] /addskill Leonardo,level
[15/12/2009 14:18:21] /addskill Leonardo,level
[15/12/2009 14:18:23] /addskill Leonardo,level
[15/12/2009 14:18:23] /addskill Leonardo,level
[15/12/2009 14:18:23] /addskill Leonardo,level
[15/12/2009 14:18:24] /addskill Leonardo,level
[15/12/2009 14:18:24] /addskill Leonardo,level
[15/12/2009 14:18:25] /addskill Leonardo,level
[15/12/2009 14:18:26] /addskill Leonardo,level
[15/12/2009 14:18:26] /addskill Leonardo,level
[15/12/2009 14:18:27] /addskill Leonardo,level
[15/12/2009 14:18:28] /addskill Leonardo,level
[15/12/2009 14:18:28] /addskill Leonardo,level
[15/12/2009 14:18:29] /addskill Leonardo,level
[15/12/2009 14:18:31] /addskill Leonardo,level
[15/12/2009 14:18:32] /addskill Leonardo,level
[15/12/2009 14:18:33] /addskill Leonardo,level
[15/12/2009 14:18:33] /addskill Leonardo,level
[15/12/2009 14:18:34] /addskill Leonardo,level
[15/12/2009 14:18:35] /addskill Leonardo,level
[15/12/2009 14:18:36] /addskill Leonardo,level
[15/12/2009 14:18:38] /addskill Leonardo,level
[15/12/2009 14:18:38] /addskill Leonardo,level
[15/12/2009 14:18:39] /addskill Leonardo,level
[15/12/2009 14:18:40] /addskill Leonardo,level
[15/12/2009 14:18:40] /addskill Leonardo,level
[15/12/2009 14:18:41] /addskill Leonardo,level
[15/12/2009 14:18:42] /addskill Leonardo,level
[15/12/2009 14:18:43] /addskill Leonardo,level
[15/12/2009 14:18:44] /addskill Leonardo,level
[15/12/2009 14:18:44] /addskill Leonardo,level
[15/12/2009 14:18:45] /addskill Leonardo,level
[15/12/2009 14:18:46] /addskill Leonardo,level
[15/12/2009 14:18:49] /addskill Leonardo,level
[15/12/2009 14:19:18] /i sudden death rune
[15/12/2009 14:20:16] /a 3
[15/12/2009 14:20:25] /a 3
[15/12/2009 14:20:28] /a 3
[15/12/2009 14:21:16] /t
[15/12/2009 14:25:44] /goto the incendier
[15/12/2009 14:27:13] /addskill lLeonardo,magic level
[15/12/2009 14:27:16] /addskill Leonardo,magic level
[15/12/2009 14:27:17] /addskill Leonardo,magic level
[15/12/2009 14:27:18] /addskill Leonardo,magic level
[15/12/2009 14:27:18] /addskill Leonardo,magic level
[15/12/2009 14:27:19] /addskill Leonardo,magic level
[15/12/2009 14:27:19] /addskill Leonardo,magic level
[15/12/2009 14:27:34] /addskill Leonardo,magic level
[15/12/2009 14:27:48] /addskill Leonardo,magic level
[15/12/2009 14:27:48] /addskill Leonardo,magic level
[15/12/2009 14:27:49] /addskill Leonardo,magic level
[15/12/2009 14:27:49] /addskill Leonardo,magic level
[15/12/2009 14:28:14] /t
[15/12/2009 14:31:40] /goto revange
[15/12/2009 14:32:20] /newtype 335
[15/12/2009 14:32:51] /newtype 336
[15/12/2009 14:34:27] /newtype Dragon 336
[15/12/2009 14:36:00] /goto halvar
[15/12/2009 14:36:15] /a 3
[15/12/2009 14:40:54] /t
[15/12/2009 14:40:59] /c dragon
[15/12/2009 14:41:13] /goto halvar
[15/12/2009 14:43:54] /m rifts
[15/12/2009 14:44:19] /m rift worm
[15/12/2009 15:23:46] /t
[15/12/2009 15:25:58] /unban Dcotor
[15/12/2009 15:27:22] /c Dcotor
[15/12/2009 15:28:11] /bc a galera o server vai voltar ao normal agora
[15/12/2009 15:30:33] /bc a galera o server vai voltar ao normal agora
[15/12/2009 15:30:37] /shutdown
[15/12/2009 20:20:05] /goto halvar
[15/12/2009 20:20:11] /a 3
[15/12/2009 20:20:20] /a 3
[15/12/2009 20:21:04] /i sais
[15/12/2009 20:21:21] /i Sais
[15/12/2009 20:21:56] /t
[15/12/2009 20:25:15] /i 11299
[15/12/2009 20:25:24] /i Sais
[15/12/2009 20:26:16] /i Drachaku
[15/12/2009 20:26:24] /n Drachaku
[15/12/2009 20:29:33] /reload items
